Determining if the pthread_create exist failed with the following output:
Change Dir: /home/cameron/Projects/cad_image_markup/build/CMakeFiles/CMakeTmp

Run Build Command:"/usr/bin/make" "cmTC_1b431/fast"
/usr/bin/make -f CMakeFiles/cmTC_1b431.dir/build.make CMakeFiles/cmTC_1b431.dir/build
make[1]: Entering directory '/home/cameron/Projects/cad_image_markup/build/CMakeFiles/CMakeTmp'
Building C object CMakeFiles/cmTC_1b431.dir/CheckSymbolExists.c.o
/usr/bin/cc     -o CMakeFiles/cmTC_1b431.dir/CheckSymbolExists.c.o   -c /home/cameron/Projects/cad_image_markup/build/CMakeFiles/CMakeTmp/CheckSymbolExists.c
Linking C executable cmTC_1b431
/usr/bin/cmake -E cmake_link_script CMakeFiles/cmTC_1b431.dir/link.txt --verbose=1
/usr/bin/cc       CMakeFiles/cmTC_1b431.dir/CheckSymbolExists.c.o  -o cmTC_1b431 
CMakeFiles/cmTC_1b431.dir/CheckSymbolExists.c.o: In function `main':
CheckSymbolExists.c:(.text+0x16): undefined reference to `pthread_create'
collect2: error: ld returned 1 exit status
CMakeFiles/cmTC_1b431.dir/build.make:97: recipe for target 'cmTC_1b431' failed
make[1]: *** [cmTC_1b431] Error 1
make[1]: Leaving directory '/home/cameron/Projects/cad_image_markup/build/CMakeFiles/CMakeTmp'
Makefile:126: recipe for target 'cmTC_1b431/fast' failed
make: *** [cmTC_1b431/fast] Error 2

File /home/cameron/Projects/cad_image_markup/build/CMakeFiles/CMakeTmp/CheckSymbolExists.c:
/* */
#include <pthread.h>

int main(int argc, char** argv)
{
  (void)argv;
#ifndef pthread_create
  return ((int*)(&pthread_create))[argc];
#else
  (void)argc;
  return 0;
#endif
}

Determining if the function pthread_create exists in the pthreads failed with the following output:
Change Dir: /home/cameron/Projects/cad_image_markup/build/CMakeFiles/CMakeTmp

Run Build Command:"/usr/bin/make" "cmTC_043bb/fast"
/usr/bin/make -f CMakeFiles/cmTC_043bb.dir/build.make CMakeFiles/cmTC_043bb.dir/build
make[1]: Entering directory '/home/cameron/Projects/cad_image_markup/build/CMakeFiles/CMakeTmp'
Building C object CMakeFiles/cmTC_043bb.dir/CheckFunctionExists.c.o
/usr/bin/cc    -DCHECK_FUNCTION_EXISTS=pthread_create   -o CMakeFiles/cmTC_043bb.dir/CheckFunctionExists.c.o   -c /usr/share/cmake-3.5/Modules/CheckFunctionExists.c
Linking C executable cmTC_043bb
/usr/bin/cmake -E cmake_link_script CMakeFiles/cmTC_043bb.dir/link.txt --verbose=1
/usr/bin/cc   -DCHECK_FUNCTION_EXISTS=pthread_create    CMakeFiles/cmTC_043bb.dir/CheckFunctionExists.c.o  -o cmTC_043bb -lpthreads 
/usr/bin/ld: cannot find -lpthreads
collect2: error: ld returned 1 exit status
CMakeFiles/cmTC_043bb.dir/build.make:97: recipe for target 'cmTC_043bb' failed
make[1]: *** [cmTC_043bb] Error 1
make[1]: Leaving directory '/home/cameron/Projects/cad_image_markup/build/CMakeFiles/CMakeTmp'
Makefile:126: recipe for target 'cmTC_043bb/fast' failed
make: *** [cmTC_043bb/fast] Error 2


Performing C SOURCE FILE Test CMAKE_HAVE_LIBC_PTHREAD failed with the following output:
Change Dir: /home/cameron/Projects/cad_image_markup/build/CMakeFiles/CMakeTmp

Run Build Command(s):/usr/bin/make -f Makefile cmTC_4ec45/fast && /usr/bin/make  -f CMakeFiles/cmTC_4ec45.dir/build.make CMakeFiles/cmTC_4ec45.dir/build
make[1]: Entering directory '/home/cameron/Projects/cad_image_markup/build/CMakeFiles/CMakeTmp'
Building C object CMakeFiles/cmTC_4ec45.dir/src.c.o
/usr/bin/cc -DCMAKE_HAVE_LIBC_PTHREAD   -o CMakeFiles/cmTC_4ec45.dir/src.c.o -c /home/cameron/Projects/cad_image_markup/build/CMakeFiles/CMakeTmp/src.c
Linking C executable cmTC_4ec45
/usr/local/bin/cmake -E cmake_link_script CMakeFiles/cmTC_4ec45.dir/link.txt --verbose=1
/usr/bin/cc CMakeFiles/cmTC_4ec45.dir/src.c.o -o cmTC_4ec45 
CMakeFiles/cmTC_4ec45.dir/src.c.o: In function `main':
src.c:(.text+0x3c): undefined reference to `pthread_create'
src.c:(.text+0x48): undefined reference to `pthread_detach'
src.c:(.text+0x54): undefined reference to `pthread_cancel'
src.c:(.text+0x65): undefined reference to `pthread_join'
src.c:(.text+0x79): undefined reference to `pthread_atfork'
collect2: error: ld returned 1 exit status
CMakeFiles/cmTC_4ec45.dir/build.make:98: recipe for target 'cmTC_4ec45' failed
make[1]: *** [cmTC_4ec45] Error 1
make[1]: Leaving directory '/home/cameron/Projects/cad_image_markup/build/CMakeFiles/CMakeTmp'
Makefile:127: recipe for target 'cmTC_4ec45/fast' failed
make: *** [cmTC_4ec45/fast] Error 2


Source file was:
#include <pthread.h>

static void* test_func(void* data)
{
  return data;
}

int main(void)
{
  pthread_t thread;
  pthread_create(&thread, NULL, test_func, NULL);
  pthread_detach(thread);
  pthread_cancel(thread);
  pthread_join(thread, NULL);
  pthread_atfork(NULL, NULL, NULL);
  pthread_exit(NULL);

  return 0;
}

